--- 05/12/2017 22:17
'cstrike/autoconfig.cfg' cleaned.
'cstrike/autoexec.cfg' cleaned.
'cstrike/joystick.cfg' cleaned.
'cstrike/language.cfg' cleaned.
'cstrike/userconfig.cfg' cleaned.
Original 'cstrike/violence.cfg' saved as 'cstrike/violence.cfg.orig'.
'cstrike/violence.cfg' cleaned.
Original 'cstrike/resource/GameMenu.res' saved as 'cstrike/resource/GameMenu.res.orig'.
'cstrike/resource/GameMenu.res' reset to default.
'cstrike/valve.rc' reset to default.
--- 05/12/2017 22:18
Loading default list of file types allowed
Loading list of filtered character sequences from 'cmdlist.ini'
Stored list of file types allowed in 'extlist.ini'
Stored list of filtered character sequences in 'cmdlist.ini'
Saved original 'hw.dll' as 'hw.dll.orig'
Successfully patched 'hw.dll'
--- 05/12/2017 23:08
Loading list of file types allowed from 'extlist.ini'
Loading list of filtered character sequences from 'cmdlist.ini'
Stored list of file types allowed in 'extlist.ini'
Stored list of filtered character sequences in 'cmdlist.ini'
Failed to save original 'hw.dll' as 'hw.dll.orig'
Successfully patched 'hw.dll'
